Using pre-set license
Built from '2020.3/staging' branch; Version is '2020.3.11f1 (99c7afb366b3) revision 10078127'; Using compiler version '192528614'; Build Type 'Release'
OS: 'Windows 10 Pro; OS build 19042.1052; Version 2009; 64bit' Language: 'es' Physical Memory: 16239 MB
BatchMode: 1, IsHumanControllingUs: 0, StartBugReporterOnCrash: 0, Is64bit: 1, IsPro: 0

 COMMAND LINE ARGUMENTS:
C:\Users\sheik\AppData\Local\Programs\Microsoft VS Code\2020.3.11f1\Editor\Unity.exe
-adb2
-batchMode
-noUpm
-name
AssetImportWorker0
-projectPath
D:/game dev/Megaman2_v1
-logFile
Logs/AssetImportWorker0.log
-srvPort
63543
Successfully changed project path to: D:/game dev/Megaman2_v1
D:/game dev/Megaman2_v1
Using Asset Import Pipeline V2.
Refreshing native plugins compatible for Editor in 36.68 ms, found 2 plugins.
Preloading 0 native plugins for Editor in 0.00 ms.
Initialize engine version: 2020.3.11f1 (99c7afb366b3)
[Subsystems] Discovering subsystems at path C:/Users/sheik/AppData/Local/Programs/Microsoft VS Code/2020.3.11f1/Editor/Data/Resources/UnitySubsystems
[Subsystems] Discovering subsystems at path D:/game dev/Megaman2_v1/Assets
GfxDevice: creating device client; threaded=0
Direct3D:
    Version:  Direct3D 11.0 [level 11.1]
    Renderer: NVIDIA GeForce GTX 1050 Ti (ID=0x1c8c)
    Vendor:   
    VRAM:     4021 MB
    Driver:   27.21.14.6677
Initialize mono
Mono path[0] = 'C:/Users/sheik/AppData/Local/Programs/Microsoft VS Code/2020.3.11f1/Editor/Data/Managed'
Mono path[1] = 'C:/Users/sheik/AppData/Local/Programs/Microsoft VS Code/2020.3.11f1/Editor/Data/MonoBleedingEdge/lib/mono/unityjit'
Mono config path = 'C:/Users/sheik/AppData/Local/Programs/Microsoft VS Code/2020.3.11f1/Editor/Data/MonoBleedingEdge/etc'
Using monoOptions --debugger-agent=transport=dt_socket,embedding=1,server=y,suspend=n,address=127.0.0.1:56612
Begin MonoManager ReloadAssembly
Registering precompiled unity dll's ...
Register platform support module: C:/Users/sheik/AppData/Local/Programs/Microsoft VS Code/2020.3.11f1/Editor/Data/PlaybackEngines/WindowsStandaloneSupport/UnityEditor.WindowsStandalone.Extensions.dll
Registered in 0.002919 seconds.
Native extension for WindowsStandalone target not found
Refreshing native plugins compatible for Editor in 31.88 ms, found 2 plugins.
Preloading 0 native plugins for Editor in 0.00 ms.
Mono: successfully reloaded assembly
- Completed reload, in  1.279 seconds
Platform modules already initialized, skipping
Registering precompiled user dll's ...
Registered in 0.003791 seconds.
Begin MonoManager ReloadAssembly
Native extension for WindowsStandalone target not found
Refreshing native plugins compatible for Editor in 0.39 ms, found 2 plugins.
Preloading 0 native plugins for Editor in 0.00 ms.
Mono: successfully reloaded assembly
- Completed reload, in  1.379 seconds
Platform modules already initialized, skipping
========================================================================
Worker process is ready to serve import requests
Launched and connected shader compiler UnityShaderCompiler.exe after 0.08 seconds
Refreshing native plugins compatible for Editor in 0.80 ms, found 2 plugins.
Preloading 0 native plugins for Editor in 0.00 ms.
Unloading 1397 Unused Serialized files (Serialized files now loaded: 0)
System memory in use before: 64.9 MB.
System memory in use after: 65.0 MB.

Unloading 18 unused Assets to reduce memory usage. Loaded Objects now: 1829.
Total: 3.049000 ms (FindLiveObjects: 0.247800 ms CreateObjectMapping: 0.073000 ms MarkObjects: 2.636900 ms  DeleteObjects: 0.089500 ms)

========================================================================
Received Import Request.
  path: Assets/Script
  artifactKey: Guid(a446d8da710ed9f44a701a1466884ccc) Importer(815301076,1909f56bfc062723c751e8b465ee728b)
Start importing Assets/Script using Guid(a446d8da710ed9f44a701a1466884ccc) Importer(815301076,1909f56bfc062723c751e8b465ee728b)  -> (artifact id: 'ce3b16c84e5ccd80e46683b3203f17fc') in 0.013912 seconds
  Import took 0.016729 seconds .

========================================================================
Received Import Request.
  Time since last request: 11.321441 seconds.
  path: Assets/Script/animacionesMegaman.cs
  artifactKey: Guid(a716c14794c02f044a0a6e5050f31954) Importer(815301076,1909f56bfc062723c751e8b465ee728b)
Start importing Assets/Script/animacionesMegaman.cs using Guid(a716c14794c02f044a0a6e5050f31954) Importer(815301076,1909f56bfc062723c751e8b465ee728b)  -> (artifact id: 'dbb10eb8a04f2d34fa28fc59b5b802cb') in 0.033415 seconds
  Import took 0.036226 seconds .

========================================================================
Received Import Request.
  Time since last request: 0.018139 seconds.
  path: Assets/Script/animacionesMegaman.cs
  artifactKey: Guid(a716c14794c02f044a0a6e5050f31954) Importer(815301076,1909f56bfc062723c751e8b465ee728b)
Start importing Assets/Script/animacionesMegaman.cs using Guid(a716c14794c02f044a0a6e5050f31954) Importer(815301076,1909f56bfc062723c751e8b465ee728b)  -> (artifact id: 'dbb10eb8a04f2d34fa28fc59b5b802cb') in 0.003366 seconds
  Import took 0.006668 seconds .

========================================================================
Received Prepare
Refreshing native plugins compatible for Editor in 3.46 ms, found 2 plugins.
Preloading 0 native plugins for Editor in 0.00 ms.
Unloading 11 Unused Serialized files (Serialized files now loaded: 0)
System memory in use before: 37.3 MB.
System memory in use after: 37.4 MB.

Unloading 11 unused Assets to reduce memory usage. Loaded Objects now: 1829.
Total: 2.444100 ms (FindLiveObjects: 0.168800 ms CreateObjectMapping: 0.046200 ms MarkObjects: 2.210400 ms  DeleteObjects: 0.017600 ms)

========================================================================
Received Prepare
Registering precompiled user dll's ...
Registered in 0.005714 seconds.
Begin MonoManager ReloadAssembly
Native extension for WindowsStandalone target not found
Refreshing native plugins compatible for Editor in 0.36 ms, found 2 plugins.
Preloading 0 native plugins for Editor in 0.00 ms.
Mono: successfully reloaded assembly
- Completed reload, in  1.129 seconds
Platform modules already initialized, skipping
Refreshing native plugins compatible for Editor in 0.36 ms, found 2 plugins.
Preloading 0 native plugins for Editor in 0.00 ms.
Unloading 1391 Unused Serialized files (Serialized files now loaded: 0)
System memory in use before: 64.6 MB.
System memory in use after: 64.7 MB.

Unloading 13 unused Assets to reduce memory usage. Loaded Objects now: 1832.
Total: 2.017600 ms (FindLiveObjects: 0.167300 ms CreateObjectMapping: 0.046300 ms MarkObjects: 1.787000 ms  DeleteObjects: 0.015900 ms)

========================================================================
Received Import Request.
  Time since last request: 97.435506 seconds.
  path: Assets/Script/LineaMuerte.cs
  artifactKey: Guid(b44d79c6bae81ad4185759b0cb6a2bb0) Importer(815301076,1909f56bfc062723c751e8b465ee728b)
Start importing Assets/Script/LineaMuerte.cs using Guid(b44d79c6bae81ad4185759b0cb6a2bb0) Importer(815301076,1909f56bfc062723c751e8b465ee728b)  -> (artifact id: 'dcceff8a4aa5962ec7d688b2dc481737') in 0.012196 seconds
  Import took 0.015858 seconds .

========================================================================
Received Import Request.
  Time since last request: 0.001389 seconds.
  path: Assets/Script/LineaMuerte.cs
  artifactKey: Guid(b44d79c6bae81ad4185759b0cb6a2bb0) Importer(815301076,1909f56bfc062723c751e8b465ee728b)
Start importing Assets/Script/LineaMuerte.cs using Guid(b44d79c6bae81ad4185759b0cb6a2bb0) Importer(815301076,1909f56bfc062723c751e8b465ee728b)  -> (artifact id: 'dcceff8a4aa5962ec7d688b2dc481737') in 0.004093 seconds
  Import took 0.007440 seconds .

========================================================================
Received Import Request.
  Time since last request: 251.263826 seconds.
  path: Assets/Script/MoverPlayer.cs
  artifactKey: Guid(baf97813d2b694b489543b97f9aaca85) Importer(815301076,1909f56bfc062723c751e8b465ee728b)
Start importing Assets/Script/MoverPlayer.cs using Guid(baf97813d2b694b489543b97f9aaca85) Importer(815301076,1909f56bfc062723c751e8b465ee728b)  -> (artifact id: '1fd17fa6675ba5e50ee27893c4676346') in 0.010357 seconds
  Import took 0.013784 seconds .

========================================================================
Received Import Request.
  Time since last request: 0.000768 seconds.
  path: Assets/Script/MoverPlayer.cs
  artifactKey: Guid(baf97813d2b694b489543b97f9aaca85) Importer(815301076,1909f56bfc062723c751e8b465ee728b)
Start importing Assets/Script/MoverPlayer.cs using Guid(baf97813d2b694b489543b97f9aaca85) Importer(815301076,1909f56bfc062723c751e8b465ee728b)  -> (artifact id: '1fd17fa6675ba5e50ee27893c4676346') in 0.004370 seconds
  Import took 0.008376 seconds .

========================================================================
Received Prepare
Registering precompiled user dll's ...
Registered in 0.005434 seconds.
Begin MonoManager ReloadAssembly
Native extension for WindowsStandalone target not found
Refreshing native plugins compatible for Editor in 0.31 ms, found 2 plugins.
Preloading 0 native plugins for Editor in 0.00 ms.
Mono: successfully reloaded assembly
- Completed reload, in  1.222 seconds
Platform modules already initialized, skipping
Refreshing native plugins compatible for Editor in 0.44 ms, found 2 plugins.
Preloading 0 native plugins for Editor in 0.00 ms.
Unloading 1391 Unused Serialized files (Serialized files now loaded: 0)
System memory in use before: 64.6 MB.
System memory in use after: 64.7 MB.

Unloading 13 unused Assets to reduce memory usage. Loaded Objects now: 1835.
Total: 3.212600 ms (FindLiveObjects: 0.234600 ms CreateObjectMapping: 0.067100 ms MarkObjects: 2.877400 ms  DeleteObjects: 0.031700 ms)

========================================================================
Received Prepare
Registering precompiled user dll's ...
Registered in 0.006040 seconds.
Begin MonoManager ReloadAssembly
Native extension for WindowsStandalone target not found
Refreshing native plugins compatible for Editor in 0.47 ms, found 2 plugins.
Preloading 0 native plugins for Editor in 0.00 ms.
Mono: successfully reloaded assembly
- Completed reload, in  1.678 seconds
Platform modules already initialized, skipping
Refreshing native plugins compatible for Editor in 0.46 ms, found 2 plugins.
Preloading 0 native plugins for Editor in 0.00 ms.
Unloading 1391 Unused Serialized files (Serialized files now loaded: 0)
System memory in use before: 64.6 MB.
System memory in use after: 64.8 MB.

Unloading 13 unused Assets to reduce memory usage. Loaded Objects now: 1838.
Total: 4.292900 ms (FindLiveObjects: 0.499300 ms CreateObjectMapping: 0.167300 ms MarkObjects: 3.576100 ms  DeleteObjects: 0.047500 ms)

========================================================================
Received Prepare
Refreshing native plugins compatible for Editor in 5.29 ms, found 2 plugins.
Preloading 0 native plugins for Editor in 0.00 ms.
Unloading 11 Unused Serialized files (Serialized files now loaded: 0)
System memory in use before: 37.5 MB.
System memory in use after: 37.6 MB.

Unloading 11 unused Assets to reduce memory usage. Loaded Objects now: 1838.
Total: 4.197200 ms (FindLiveObjects: 0.205700 ms CreateObjectMapping: 0.082300 ms MarkObjects: 3.869000 ms  DeleteObjects: 0.037400 ms)

========================================================================
Received Import Request.
  Time since last request: 339.172082 seconds.
  path: Assets/Script/SmoothCamera2D.cs
  artifactKey: Guid(43279db9b713b8c44a6335b851047938) Importer(815301076,1909f56bfc062723c751e8b465ee728b)
Start importing Assets/Script/SmoothCamera2D.cs using Guid(43279db9b713b8c44a6335b851047938) Importer(815301076,1909f56bfc062723c751e8b465ee728b)  -> (artifact id: '746f125487c43f64ff18f2a71c2bffbd') in 0.012204 seconds
  Import took 0.016742 seconds .

AssetImportWorkerClient::OnTransportError - code=2 error=End of file
